[debug] [2022-10-20T19:54:35.762Z] ----------------------------------------------------------------------
[debug] [2022-10-20T19:54:35.763Z] Command:       /usr/local/bin/node /usr/local/bin/firebase init
[debug] [2022-10-20T19:54:35.763Z] CLI Version:   11.14.1
[debug] [2022-10-20T19:54:35.763Z] Platform:      darwin
[debug] [2022-10-20T19:54:35.764Z] Node Version:  v16.15.0
[debug] [2022-10-20T19:54:35.764Z] Time:          Fri Oct 21 2022 01:24:35 GMT+0530 (India Standard Time)
[debug] [2022-10-20T19:54:35.765Z] ----------------------------------------------------------------------
[debug] 
[debug] [2022-10-20T19:54:35.767Z] > command requires scopes: ["email","openid","https://www.googleapis.com/auth/cloudplatformprojects.readonly","https://www.googleapis.com/auth/firebase","https://www.googleapis.com/auth/cloud-platform"]
[debug] [2022-10-20T19:54:35.767Z] > authorizing via signed-in user (2021csb1087@iitrpr.ac.in)
[info] 
     ######## #### ########  ######## ########     ###     ######  ########
     ##        ##  ##     ## ##       ##     ##  ##   ##  ##       ##
     ######    ##  ########  ######   ########  #########  ######  ######
     ##        ##  ##    ##  ##       ##     ## ##     ##       ## ##
     ##       #### ##     ## ######## ########  ##     ##  ######  ########

You're about to initialize a Firebase project in this directory:

  /Users/doodhnath/Desktop/untitled folder/webdev/React/learn react /testing/my-react-app

[info] 
=== Project Setup
[info] 
[info] First, let's associate this project directory with a Firebase project.
[info] You can create multiple project aliases by running firebase use --add, 
[info] but for now we'll just set up a default project.
[info] 
[debug] [2022-10-20T19:54:44.836Z] >>> [apiv2][query] GET https://firebase.googleapis.com/v1beta1/projects pageSize=100
[debug] [2022-10-20T19:54:46.335Z] <<< [apiv2][status] GET https://firebase.googleapis.com/v1beta1/projects 200
[debug] [2022-10-20T19:54:46.336Z] <<< [apiv2][body] GET https://firebase.googleapis.com/v1beta1/projects [omitted]
[info] i  Using project testing-c2ee0 (Testing) 
[info] 
=== Hosting Setup
[info] 
[info] Your public directory is the folder (relative to your project directory) that
[info] will contain Hosting assets to be uploaded with firebase deploy. If you
[info] have a build process for your assets, use your build's output directory.
[info] 
[debug] [2022-10-20T19:55:01.713Z] >>> [apiv2][query] GET https://www.gstatic.com/firebasejs/releases.json [none]
[debug] [2022-10-20T19:55:02.623Z] <<< [apiv2][status] GET https://www.gstatic.com/firebasejs/releases.json 200
[debug] [2022-10-20T19:55:02.624Z] <<< [apiv2][body] GET https://www.gstatic.com/firebasejs/releases.json {"current":{"version":"9.12.1","browserURL":"https://www.gstatic.com/firebasejs/9.12.1/firebase.js","packageURL":"https://www.gstatic.com/firebasejs/9.12.1/firebase.tgz"},"live":{"version":"9.12","browserURL":"https://www.gstatic.com/firebasejs/live/9.12/firebase.js","packageURL":"https://www.gstatic.com/firebasejs/live/9.12/firebase.tgz"},"components":{"analytics":"https://www.gstatic.com/firebasejs/9.12.1/firebase-analytics.js","app":"https://www.gstatic.com/firebasejs/9.12.1/firebase-app.js","app-check":"https://www.gstatic.com/firebasejs/9.12.1/firebase-app-check.js","auth":"https://www.gstatic.com/firebasejs/9.12.1/firebase-auth.js","auth/cordova":"https://www.gstatic.com/firebasejs/9.12.1/firebase-auth/cordova.js","auth/react-native":"https://www.gstatic.com/firebasejs/9.12.1/firebase-auth/react-native.js","functions":"https://www.gstatic.com/firebasejs/9.12.1/firebase-functions.js","firestore":"https://www.gstatic.com/firebasejs/9.12.1/firebase-firestore.js","firestore/lite":"https://www.gstatic.com/firebasejs/9.12.1/firebase-firestore/lite.js","installations":"https://www.gstatic.com/firebasejs/9.12.1/firebase-installations.js","storage":"https://www.gstatic.com/firebasejs/9.12.1/firebase-storage.js","performance":"https://www.gstatic.com/firebasejs/9.12.1/firebase-performance.js","remote-config":"https://www.gstatic.com/firebasejs/9.12.1/firebase-remote-config.js","messaging":"https://www.gstatic.com/firebasejs/9.12.1/firebase-messaging.js","messaging/sw":"https://www.gstatic.com/firebasejs/9.12.1/firebase-messaging/sw.js","database":"https://www.gstatic.com/firebasejs/9.12.1/firebase-database.js","firestore.memory":"https://www.gstatic.com/firebasejs/9.12.1/firebase-firestore.memory.js"}}
[info] i  Skipping write of build/index.html 
[info] 
[info] i  Didn't detect a .git folder. Assuming /Users/doodhnath/Desktop/untitled folder/webdev/React/learn react /testing/my-react-app is the project root. 
[info] i  Authorizing with GitHub to upload your service account to a GitHub repository's secrets store. 
[info] 
[info] Visit this URL on this device to log in:
[info] https://github.com/login/oauth/authorize?client_id=89cf50f02ac6aaed3484&state=956613676&redirect_uri=http%3A%2F%2Flocalhost%3A9005&scope=read%3Auser%20repo%20public_repo
[info] 
[info] Waiting for authentication...
[debug] [2022-10-20T19:55:07.483Z] >>> [apiv2][query] POST https://github.com/login/oauth/access_token [none]
[debug] [2022-10-20T19:55:07.484Z] >>> [apiv2][body] POST https://github.com/login/oauth/access_token [stream]
[debug] [2022-10-20T19:55:08.737Z] <<< [apiv2][status] POST https://github.com/login/oauth/access_token 200
[debug] [2022-10-20T19:55:08.737Z] <<< [apiv2][body] POST https://github.com/login/oauth/access_token {"access_token":"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","token_type":"bearer","scope":"read:user,repo"}
[debug] [2022-10-20T19:55:08.747Z] >>> [apiv2][query] GET https://api.github.com/user [none]
[debug] [2022-10-20T19:55:09.979Z] <<< [apiv2][status] GET https://api.github.com/user 200
[debug] [2022-10-20T19:55:09.979Z] <<< [apiv2][body] GET https://api.github.com/user {"login":"Doodhnath1","id":96371306,"node_id":"U_kgDOBb6Cag","avatar_url":"https://avatars.githubusercontent.com/u/96371306?v=4","gravatar_id":"","url":"https://api.github.com/users/Doodhnath1","html_url":"https://github.com/Doodhnath1","followers_url":"https://api.github.com/users/Doodhnath1/followers","following_url":"https://api.github.com/users/Doodhnath1/following{/other_user}","gists_url":"https://api.github.com/users/Doodhnath1/gists{/gist_id}","starred_url":"https://api.github.com/users/Doodhnath1/starred{/owner}{/repo}","subscriptions_url":"https://api.github.com/users/Doodhnath1/subscriptions","organizations_url":"https://api.github.com/users/Doodhnath1/orgs","repos_url":"https://api.github.com/users/Doodhnath1/repos","events_url":"https://api.github.com/users/Doodhnath1/events{/privacy}","received_events_url":"https://api.github.com/users/Doodhnath1/received_events","type":"User","site_admin":false,"name":"Doodh Nath Tiwari ","company":"Student at IIT Ropar","blog":"https://doodhnath1.github.io/Doodh-Nath-Tiwari-/","location":"Punjab, India","email":null,"hireable":null,"bio":"I am a developer, coder and a gym 💪 enthusiasts.","twitter_username":"doodhtiwari1","public_repos":12,"public_gists":0,"followers":5,"following":7,"created_at":"2021-12-19T08:58:34Z","updated_at":"2022-10-08T05:26:52Z","private_gists":1,"total_private_repos":4,"owned_private_repos":4,"disk_usage":4379,"collaborators":0,"two_factor_authentication":false,"plan":{"name":"pro","space":976562499,"collaborators":0,"private_repos":9999}}
[info] 
[info] ✔  Success! Logged into GitHub as Doodhnath1 
[info] 
